INFO - 16-07-2025 10:27:59 --> CSRF cookie sent.
INFO - 16-07-2025 10:27:59 --> Session: Class initialized using 'CodeIgniter\Session\Handlers\FileHandler' driver.
INFO - 16-07-2025 10:27:59 --> CSRF cookie sent.
INFO - 16-07-2025 10:28:05 --> CSRF cookie sent.
INFO - 16-07-2025 10:28:05 --> Session: Class initialized using 'CodeIgniter\Session\Handlers\FileHandler' driver.
INFO - 16-07-2025 10:28:05 --> CSRF cookie sent.
INFO - 16-07-2025 10:28:05 --> Session: Class initialized using 'CodeIgniter\Session\Handlers\FileHandler' driver.
INFO - 16-07-2025 10:28:07 --> CSRF cookie sent.
INFO - 16-07-2025 10:28:07 --> CSRF token verified.
INFO - 16-07-2025 10:28:07 --> Session: Class initialized using 'CodeIgniter\Session\Handlers\FileHandler' driver.
INFO - 16-07-2025 10:28:07 --> CSRF cookie sent.
INFO - 16-07-2025 10:28:07 --> Session: Class initialized using 'CodeIgniter\Session\Handlers\FileHandler' driver.
INFO - 16-07-2025 10:28:08 --> CSRF cookie sent.
INFO - 16-07-2025 10:28:12 --> CSRF cookie sent.
INFO - 16-07-2025 10:28:12 --> Session: Class initialized using 'CodeIgniter\Session\Handlers\FileHandler' driver.
INFO - 16-07-2025 10:28:13 --> CSRF cookie sent.
INFO - 16-07-2025 10:28:16 --> CSRF cookie sent.
INFO - 16-07-2025 10:28:16 --> Session: Class initialized using 'CodeIgniter\Session\Handlers\FileHandler' driver.
INFO - 16-07-2025 10:28:16 --> CSRF cookie sent.
INFO - 16-07-2025 10:28:16 --> Session: Class initialized using 'CodeIgniter\Session\Handlers\FileHandler' driver.
INFO - 16-07-2025 10:28:16 --> CSRF cookie sent.
INFO - 16-07-2025 10:28:16 --> Session: Class initialized using 'CodeIgniter\Session\Handlers\FileHandler' driver.
INFO - 16-07-2025 10:28:37 --> CSRF cookie sent.
INFO - 16-07-2025 10:28:37 --> CSRF token verified.
INFO - 16-07-2025 10:28:37 --> Session: Class initialized using 'CodeIgniter\Session\Handlers\FileHandler' driver.
INFO - 16-07-2025 10:28:37 --> CSRF cookie sent.
INFO - 16-07-2025 10:28:37 --> Session: Class initialized using 'CodeIgniter\Session\Handlers\FileHandler' driver.
INFO - 16-07-2025 10:28:38 --> CSRF cookie sent.
INFO - 16-07-2025 10:28:45 --> CSRF cookie sent.
INFO - 16-07-2025 10:28:45 --> Session: Class initialized using 'CodeIgniter\Session\Handlers\FileHandler' driver.
INFO - 16-07-2025 10:28:45 --> CSRF cookie sent.
INFO - 16-07-2025 10:28:48 --> CSRF cookie sent.
INFO - 16-07-2025 10:28:48 --> Session: Class initialized using 'CodeIgniter\Session\Handlers\FileHandler' driver.
INFO - 16-07-2025 10:28:48 --> CSRF cookie sent.
INFO - 16-07-2025 10:28:50 --> CSRF cookie sent.
INFO - 16-07-2025 10:28:51 --> Session: Class initialized using 'CodeIgniter\Session\Handlers\FileHandler' driver.
INFO - 16-07-2025 10:28:51 --> CSRF cookie sent.
INFO - 16-07-2025 10:29:09 --> CSRF cookie sent.
INFO - 16-07-2025 10:29:09 --> Session: Class initialized using 'CodeIgniter\Session\Handlers\FileHandler' driver.
INFO - 16-07-2025 10:29:09 --> CSRF cookie sent.
INFO - 16-07-2025 10:29:29 --> CSRF cookie sent.
INFO - 16-07-2025 10:29:29 --> Session: Class initialized using 'CodeIgniter\Session\Handlers\FileHandler' driver.
INFO - 16-07-2025 10:29:29 --> CSRF cookie sent.
INFO - 16-07-2025 10:30:02 --> CSRF cookie sent.
INFO - 16-07-2025 10:30:02 --> Session: Class initialized using 'CodeIgniter\Session\Handlers\FileHandler' driver.
INFO - 16-07-2025 10:30:03 --> CSRF cookie sent.
INFO - 16-07-2025 10:30:04 --> CSRF cookie sent.
INFO - 16-07-2025 10:30:04 --> Session: Class initialized using 'CodeIgniter\Session\Handlers\FileHandler' driver.
INFO - 16-07-2025 10:30:04 --> CSRF cookie sent.
INFO - 16-07-2025 10:30:07 --> CSRF cookie sent.
INFO - 16-07-2025 10:30:07 --> Session: Class initialized using 'CodeIgniter\Session\Handlers\FileHandler' driver.
INFO - 16-07-2025 10:30:07 --> CSRF cookie sent.
INFO - 16-07-2025 10:32:54 --> CSRF cookie sent.
INFO - 16-07-2025 10:32:54 --> Session: Class initialized using 'CodeIgniter\Session\Handlers\FileHandler' driver.
INFO - 16-07-2025 10:32:54 --> CSRF cookie sent.
INFO - 16-07-2025 10:33:19 --> CSRF cookie sent.
INFO - 16-07-2025 10:33:19 --> Session: Class initialized using 'CodeIgniter\Session\Handlers\FileHandler' driver.
INFO - 16-07-2025 10:33:19 --> CSRF cookie sent.
INFO - 16-07-2025 10:48:14 --> CSRF cookie sent.
INFO - 16-07-2025 10:48:14 --> Session: Class initialized using 'CodeIgniter\Session\Handlers\FileHandler' driver.
INFO - 16-07-2025 10:48:14 --> CSRF cookie sent.
INFO - 16-07-2025 10:48:17 --> CSRF cookie sent.
INFO - 16-07-2025 10:48:17 --> Session: Class initialized using 'CodeIgniter\Session\Handlers\FileHandler' driver.
INFO - 16-07-2025 10:48:17 --> CSRF cookie sent.
INFO - 16-07-2025 10:48:28 --> CSRF cookie sent.
INFO - 16-07-2025 10:48:28 --> Session: Class initialized using 'CodeIgniter\Session\Handlers\FileHandler' driver.
INFO - 16-07-2025 10:48:28 --> CSRF cookie sent.
INFO - 16-07-2025 10:48:39 --> CSRF cookie sent.
INFO - 16-07-2025 10:48:39 --> Session: Class initialized using 'CodeIgniter\Session\Handlers\FileHandler' driver.
INFO - 16-07-2025 10:48:54 --> CSRF cookie sent.
INFO - 16-07-2025 10:48:54 --> Session: Class initialized using 'CodeIgniter\Session\Handlers\FileHandler' driver.
INFO - 16-07-2025 10:48:54 --> CSRF cookie sent.
INFO - 16-07-2025 10:48:57 --> CSRF cookie sent.
INFO - 16-07-2025 10:48:57 --> CSRF token verified.
INFO - 16-07-2025 10:48:57 --> Session: Class initialized using 'CodeIgniter\Session\Handlers\FileHandler' driver.
INFO - 16-07-2025 10:49:06 --> CSRF cookie sent.
INFO - 16-07-2025 10:49:06 --> Session: Class initialized using 'CodeIgniter\Session\Handlers\FileHandler' driver.
INFO - 16-07-2025 10:49:06 --> CSRF cookie sent.
INFO - 16-07-2025 10:49:09 --> CSRF cookie sent.
INFO - 16-07-2025 10:49:09 --> CSRF token verified.
INFO - 16-07-2025 10:49:09 --> Session: Class initialized using 'CodeIgniter\Session\Handlers\FileHandler' driver.
INFO - 16-07-2025 10:49:12 --> CSRF cookie sent.
INFO - 16-07-2025 10:49:12 --> Session: Class initialized using 'CodeIgniter\Session\Handlers\FileHandler' driver.
INFO - 16-07-2025 10:49:12 --> CSRF cookie sent.
INFO - 16-07-2025 10:49:16 --> CSRF cookie sent.
INFO - 16-07-2025 10:49:16 --> Session: Class initialized using 'CodeIgniter\Session\Handlers\FileHandler' driver.
INFO - 16-07-2025 10:49:17 --> CSRF cookie sent.
INFO - 16-07-2025 10:49:22 --> CSRF cookie sent.
INFO - 16-07-2025 10:49:22 --> Session: Class initialized using 'CodeIgniter\Session\Handlers\FileHandler' driver.
INFO - 16-07-2025 10:49:23 --> CSRF cookie sent.
INFO - 16-07-2025 10:49:25 --> CSRF cookie sent.
INFO - 16-07-2025 10:49:25 --> Session: Class initialized using 'CodeIgniter\Session\Handlers\FileHandler' driver.
INFO - 16-07-2025 10:49:25 --> CSRF cookie sent.
INFO - 16-07-2025 10:50:07 --> CSRF cookie sent.
INFO - 16-07-2025 10:50:07 --> CSRF token verified.
INFO - 16-07-2025 10:50:07 --> Session: Class initialized using 'CodeIgniter\Session\Handlers\FileHandler' driver.
INFO - 16-07-2025 10:50:11 --> CSRF cookie sent.
INFO - 16-07-2025 10:50:11 --> Session: Class initialized using 'CodeIgniter\Session\Handlers\FileHandler' driver.
INFO - 16-07-2025 10:50:12 --> CSRF cookie sent.
INFO - 16-07-2025 10:50:14 --> CSRF cookie sent.
INFO - 16-07-2025 10:50:14 --> Session: Class initialized using 'CodeIgniter\Session\Handlers\FileHandler' driver.
INFO - 16-07-2025 10:50:14 --> CSRF cookie sent.
INFO - 16-07-2025 10:52:44 --> CSRF cookie sent.
INFO - 16-07-2025 10:52:44 --> Session: Class initialized using 'CodeIgniter\Session\Handlers\FileHandler' driver.
INFO - 16-07-2025 10:52:44 --> CSRF cookie sent.
INFO - 16-07-2025 10:53:32 --> CSRF cookie sent.
INFO - 16-07-2025 10:55:52 --> CSRF cookie sent.
INFO - 16-07-2025 10:55:52 --> Session: Class initialized using 'CodeIgniter\Session\Handlers\FileHandler' driver.
INFO - 16-07-2025 10:55:52 --> CSRF cookie sent.
INFO - 16-07-2025 10:57:04 --> CSRF cookie sent.
INFO - 16-07-2025 10:57:04 --> Session: Class initialized using 'CodeIgniter\Session\Handlers\FileHandler' driver.
INFO - 16-07-2025 10:57:05 --> CSRF cookie sent.
INFO - 16-07-2025 10:58:41 --> CSRF cookie sent.
INFO - 16-07-2025 10:58:41 --> Session: Class initialized using 'CodeIgniter\Session\Handlers\FileHandler' driver.
INFO - 16-07-2025 10:58:41 --> CSRF cookie sent.
INFO - 16-07-2025 10:58:45 --> CSRF cookie sent.
INFO - 16-07-2025 10:58:45 --> Session: Class initialized using 'CodeIgniter\Session\Handlers\FileHandler' driver.
INFO - 16-07-2025 10:58:46 --> CSRF cookie sent.
INFO - 16-07-2025 10:58:47 --> CSRF cookie sent.
INFO - 16-07-2025 10:58:47 --> Session: Class initialized using 'CodeIgniter\Session\Handlers\FileHandler' driver.
INFO - 16-07-2025 10:58:48 --> CSRF cookie sent.
INFO - 16-07-2025 10:59:36 --> CSRF cookie sent.
INFO - 16-07-2025 10:59:36 --> Session: Class initialized using 'CodeIgniter\Session\Handlers\FileHandler' driver.
INFO - 16-07-2025 10:59:36 --> CSRF cookie sent.
INFO - 16-07-2025 11:01:58 --> CSRF cookie sent.
INFO - 16-07-2025 11:06:04 --> CSRF cookie sent.
INFO - 16-07-2025 11:06:04 --> Session: Class initialized using 'CodeIgniter\Session\Handlers\FileHandler' driver.
INFO - 16-07-2025 11:06:05 --> CSRF cookie sent.
INFO - 16-07-2025 11:06:11 --> CSRF cookie sent.
INFO - 16-07-2025 11:06:11 --> Session: Class initialized using 'CodeIgniter\Session\Handlers\FileHandler' driver.
INFO - 16-07-2025 11:06:11 --> CSRF cookie sent.
INFO - 16-07-2025 11:06:13 --> CSRF cookie sent.
INFO - 16-07-2025 11:06:13 --> Session: Class initialized using 'CodeIgniter\Session\Handlers\FileHandler' driver.
INFO - 16-07-2025 11:06:14 --> CSRF cookie sent.
INFO - 16-07-2025 11:07:21 --> CSRF cookie sent.
INFO - 16-07-2025 11:07:21 --> Session: Class initialized using 'CodeIgniter\Session\Handlers\FileHandler' driver.
INFO - 16-07-2025 11:07:21 --> CSRF cookie sent.
INFO - 16-07-2025 11:07:26 --> CSRF cookie sent.
INFO - 16-07-2025 11:07:26 --> Session: Class initialized using 'CodeIgniter\Session\Handlers\FileHandler' driver.
INFO - 16-07-2025 11:07:27 --> CSRF cookie sent.
INFO - 16-07-2025 11:08:02 --> CSRF cookie sent.
INFO - 16-07-2025 11:08:02 --> Session: Class initialized using 'CodeIgniter\Session\Handlers\FileHandler' driver.
INFO - 16-07-2025 11:08:03 --> CSRF cookie sent.
INFO - 16-07-2025 11:11:06 --> CSRF cookie sent.
INFO - 16-07-2025 11:11:06 --> Session: Class initialized using 'CodeIgniter\Session\Handlers\FileHandler' driver.
INFO - 16-07-2025 11:11:06 --> CSRF cookie sent.
INFO - 16-07-2025 11:11:09 --> CSRF cookie sent.
INFO - 16-07-2025 11:11:10 --> Session: Class initialized using 'CodeIgniter\Session\Handlers\FileHandler' driver.
INFO - 16-07-2025 11:11:10 --> CSRF cookie sent.
INFO - 16-07-2025 11:12:50 --> CSRF cookie sent.
INFO - 16-07-2025 11:12:50 --> Session: Class initialized using 'CodeIgniter\Session\Handlers\FileHandler' driver.
INFO - 16-07-2025 11:12:50 --> CSRF cookie sent.
INFO - 16-07-2025 11:13:08 --> CSRF cookie sent.
INFO - 16-07-2025 11:13:08 --> Session: Class initialized using 'CodeIgniter\Session\Handlers\FileHandler' driver.
INFO - 16-07-2025 11:13:09 --> CSRF cookie sent.
INFO - 16-07-2025 11:13:16 --> CSRF cookie sent.
INFO - 16-07-2025 11:13:16 --> Session: Class initialized using 'CodeIgniter\Session\Handlers\FileHandler' driver.
INFO - 16-07-2025 11:13:16 --> CSRF cookie sent.
INFO - 16-07-2025 11:13:39 --> CSRF cookie sent.
INFO - 16-07-2025 11:13:39 --> Session: Class initialized using 'CodeIgniter\Session\Handlers\FileHandler' driver.
INFO - 16-07-2025 11:13:39 --> CSRF cookie sent.
INFO - 16-07-2025 11:17:21 --> CSRF cookie sent.
INFO - 16-07-2025 11:17:21 --> Session: Class initialized using 'CodeIgniter\Session\Handlers\FileHandler' driver.
INFO - 16-07-2025 11:17:22 --> CSRF cookie sent.
INFO - 16-07-2025 11:17:24 --> CSRF cookie sent.
INFO - 16-07-2025 11:17:24 --> Session: Class initialized using 'CodeIgniter\Session\Handlers\FileHandler' driver.
INFO - 16-07-2025 11:17:25 --> CSRF cookie sent.
INFO - 16-07-2025 11:17:30 --> CSRF cookie sent.
INFO - 16-07-2025 11:17:30 --> Session: Class initialized using 'CodeIgniter\Session\Handlers\FileHandler' driver.
INFO - 16-07-2025 11:17:32 --> CSRF cookie sent.
INFO - 16-07-2025 11:17:32 --> Session: Class initialized using 'CodeIgniter\Session\Handlers\FileHandler' driver.
INFO - 16-07-2025 11:17:51 --> CSRF cookie sent.
INFO - 16-07-2025 11:17:51 --> Session: Class initialized using 'CodeIgniter\Session\Handlers\FileHandler' driver.
INFO - 16-07-2025 11:17:52 --> CSRF cookie sent.
INFO - 16-07-2025 11:19:08 --> CSRF cookie sent.
INFO - 16-07-2025 11:19:08 --> Session: Class initialized using 'CodeIgniter\Session\Handlers\FileHandler' driver.
INFO - 16-07-2025 11:19:08 --> CSRF cookie sent.
INFO - 16-07-2025 11:19:19 --> CSRF cookie sent.
INFO - 16-07-2025 11:19:19 --> Session: Class initialized using 'CodeIgniter\Session\Handlers\FileHandler' driver.
INFO - 16-07-2025 11:19:19 --> CSRF cookie sent.
INFO - 16-07-2025 11:19:22 --> CSRF cookie sent.
INFO - 16-07-2025 11:19:22 --> Session: Class initialized using 'CodeIgniter\Session\Handlers\FileHandler' driver.
INFO - 16-07-2025 11:19:38 --> CSRF cookie sent.
INFO - 16-07-2025 11:19:38 --> CSRF token verified.
INFO - 16-07-2025 11:19:38 --> Session: Class initialized using 'CodeIgniter\Session\Handlers\FileHandler' driver.
INFO - 16-07-2025 11:19:38 --> CSRF cookie sent.
INFO - 16-07-2025 11:19:38 --> Session: Class initialized using 'CodeIgniter\Session\Handlers\FileHandler' driver.
INFO - 16-07-2025 11:19:40 --> CSRF cookie sent.
INFO - 16-07-2025 11:19:40 --> Session: Class initialized using 'CodeIgniter\Session\Handlers\FileHandler' driver.
INFO - 16-07-2025 11:19:40 --> CSRF cookie sent.
INFO - 16-07-2025 11:19:42 --> CSRF cookie sent.
INFO - 16-07-2025 11:19:42 --> Session: Class initialized using 'CodeIgniter\Session\Handlers\FileHandler' driver.
INFO - 16-07-2025 11:19:42 --> CSRF cookie sent.
INFO - 16-07-2025 11:19:46 --> CSRF cookie sent.
INFO - 16-07-2025 11:19:46 --> Session: Class initialized using 'CodeIgniter\Session\Handlers\FileHandler' driver.
INFO - 16-07-2025 11:19:46 --> CSRF cookie sent.
INFO - 16-07-2025 11:19:51 --> CSRF cookie sent.
INFO - 16-07-2025 11:19:51 --> Session: Class initialized using 'CodeIgniter\Session\Handlers\FileHandler' driver.
INFO - 16-07-2025 11:19:51 --> CSRF cookie sent.
INFO - 16-07-2025 11:19:53 --> CSRF cookie sent.
INFO - 16-07-2025 11:19:53 --> Session: Class initialized using 'CodeIgniter\Session\Handlers\FileHandler' driver.
INFO - 16-07-2025 11:19:53 --> CSRF cookie sent.
INFO - 16-07-2025 11:23:05 --> CSRF cookie sent.
INFO - 16-07-2025 11:23:05 --> Session: Class initialized using 'CodeIgniter\Session\Handlers\FileHandler' driver.
INFO - 16-07-2025 11:23:06 --> CSRF cookie sent.
INFO - 16-07-2025 11:28:46 --> CSRF cookie sent.
INFO - 16-07-2025 11:28:46 --> Session: Class initialized using 'CodeIgniter\Session\Handlers\FileHandler' driver.
INFO - 16-07-2025 11:28:46 --> CSRF cookie sent.
INFO - 16-07-2025 11:30:29 --> CSRF cookie sent.
INFO - 16-07-2025 11:30:29 --> Session: Class initialized using 'CodeIgniter\Session\Handlers\FileHandler' driver.
INFO - 16-07-2025 11:30:29 --> CSRF cookie sent.
INFO - 16-07-2025 11:30:48 --> CSRF cookie sent.
INFO - 16-07-2025 11:30:48 --> Session: Class initialized using 'CodeIgniter\Session\Handlers\FileHandler' driver.
INFO - 16-07-2025 11:30:49 --> CSRF cookie sent.
INFO - 16-07-2025 11:39:38 --> CSRF cookie sent.
INFO - 16-07-2025 11:39:38 --> Session: Class initialized using 'CodeIgniter\Session\Handlers\FileHandler' driver.
INFO - 16-07-2025 11:39:39 --> CSRF cookie sent.
INFO - 16-07-2025 11:47:52 --> CSRF cookie sent.
INFO - 16-07-2025 11:47:52 --> Session: Class initialized using 'CodeIgniter\Session\Handlers\FileHandler' driver.
INFO - 16-07-2025 11:47:53 --> CSRF cookie sent.
INFO - 16-07-2025 11:48:21 --> CSRF cookie sent.
INFO - 16-07-2025 11:50:24 --> CSRF cookie sent.
INFO - 16-07-2025 11:50:24 --> Session: Class initialized using 'CodeIgniter\Session\Handlers\FileHandler' driver.
INFO - 16-07-2025 11:50:25 --> CSRF cookie sent.
INFO - 16-07-2025 11:52:45 --> CSRF cookie sent.
INFO - 16-07-2025 11:53:26 --> CSRF cookie sent.
INFO - 16-07-2025 11:53:26 --> Session: Class initialized using 'CodeIgniter\Session\Handlers\FileHandler' driver.
INFO - 16-07-2025 11:53:27 --> CSRF cookie sent.
INFO - 16-07-2025 11:53:58 --> CSRF cookie sent.
INFO - 16-07-2025 11:53:58 --> Session: Class initialized using 'CodeIgniter\Session\Handlers\FileHandler' driver.
INFO - 16-07-2025 11:53:59 --> CSRF cookie sent.
INFO - 16-07-2025 11:54:16 --> CSRF cookie sent.
INFO - 16-07-2025 11:54:16 --> Session: Class initialized using 'CodeIgniter\Session\Handlers\FileHandler' driver.
INFO - 16-07-2025 11:54:16 --> CSRF cookie sent.
INFO - 16-07-2025 11:55:36 --> CSRF cookie sent.
INFO - 16-07-2025 11:55:36 --> Session: Class initialized using 'CodeIgniter\Session\Handlers\FileHandler' driver.
INFO - 16-07-2025 11:55:36 --> CSRF cookie sent.
INFO - 16-07-2025 11:56:05 --> CSRF cookie sent.
INFO - 16-07-2025 11:56:05 --> Session: Class initialized using 'CodeIgniter\Session\Handlers\FileHandler' driver.
INFO - 16-07-2025 11:56:06 --> CSRF cookie sent.
INFO - 16-07-2025 11:56:13 --> CSRF cookie sent.
INFO - 16-07-2025 11:56:13 --> Session: Class initialized using 'CodeIgniter\Session\Handlers\FileHandler' driver.
INFO - 16-07-2025 11:56:13 --> CSRF cookie sent.
INFO - 16-07-2025 11:58:38 --> CSRF cookie sent.
INFO - 16-07-2025 11:58:38 --> Session: Class initialized using 'CodeIgniter\Session\Handlers\FileHandler' driver.
INFO - 16-07-2025 11:58:38 --> CSRF cookie sent.
INFO - 16-07-2025 11:58:42 --> CSRF cookie sent.
INFO - 16-07-2025 11:59:08 --> CSRF cookie sent.
INFO - 16-07-2025 11:59:08 --> Session: Class initialized using 'CodeIgniter\Session\Handlers\FileHandler' driver.
INFO - 16-07-2025 11:59:08 --> CSRF cookie sent.
INFO - 16-07-2025 11:59:24 --> CSRF cookie sent.
INFO - 16-07-2025 11:59:24 --> Session: Class initialized using 'CodeIgniter\Session\Handlers\FileHandler' driver.
INFO - 16-07-2025 11:59:25 --> CSRF cookie sent.
INFO - 16-07-2025 11:59:38 --> CSRF cookie sent.
INFO - 16-07-2025 12:01:13 --> CSRF cookie sent.
INFO - 16-07-2025 12:01:13 --> Session: Class initialized using 'CodeIgniter\Session\Handlers\FileHandler' driver.
INFO - 16-07-2025 12:01:13 --> CSRF cookie sent.
INFO - 16-07-2025 12:01:45 --> CSRF cookie sent.
INFO - 16-07-2025 12:01:45 --> Session: Class initialized using 'CodeIgniter\Session\Handlers\FileHandler' driver.
INFO - 16-07-2025 12:01:45 --> CSRF cookie sent.
INFO - 16-07-2025 12:02:03 --> CSRF cookie sent.
INFO - 16-07-2025 12:02:03 --> Session: Class initialized using 'CodeIgniter\Session\Handlers\FileHandler' driver.
INFO - 16-07-2025 12:02:03 --> CSRF cookie sent.
INFO - 16-07-2025 12:02:06 --> CSRF cookie sent.
INFO - 16-07-2025 12:02:56 --> CSRF cookie sent.
INFO - 16-07-2025 12:02:56 --> Session: Class initialized using 'CodeIgniter\Session\Handlers\FileHandler' driver.
INFO - 16-07-2025 12:02:57 --> CSRF cookie sent.
INFO - 16-07-2025 12:03:20 --> CSRF cookie sent.
INFO - 16-07-2025 12:03:20 --> Session: Class initialized using 'CodeIgniter\Session\Handlers\FileHandler' driver.
INFO - 16-07-2025 12:03:21 --> CSRF cookie sent.
INFO - 16-07-2025 12:03:25 --> CSRF cookie sent.
INFO - 16-07-2025 12:03:53 --> CSRF cookie sent.
INFO - 16-07-2025 12:03:53 --> Session: Class initialized using 'CodeIgniter\Session\Handlers\FileHandler' driver.
INFO - 16-07-2025 12:03:54 --> CSRF cookie sent.
INFO - 16-07-2025 12:04:01 --> CSRF cookie sent.
INFO - 16-07-2025 12:04:01 --> Session: Class initialized using 'CodeIgniter\Session\Handlers\FileHandler' driver.
INFO - 16-07-2025 12:04:01 --> CSRF cookie sent.
INFO - 16-07-2025 12:13:11 --> CSRF cookie sent.
INFO - 16-07-2025 12:13:11 --> Session: Class initialized using 'CodeIgniter\Session\Handlers\FileHandler' driver.
INFO - 16-07-2025 12:13:12 --> CSRF cookie sent.
INFO - 16-07-2025 12:13:24 --> CSRF cookie sent.
INFO - 16-07-2025 12:13:24 --> Session: Class initialized using 'CodeIgniter\Session\Handlers\FileHandler' driver.
INFO - 16-07-2025 12:13:24 --> CSRF cookie sent.
INFO - 16-07-2025 12:13:26 --> CSRF cookie sent.
INFO - 16-07-2025 12:13:26 --> Session: Class initialized using 'CodeIgniter\Session\Handlers\FileHandler' driver.
INFO - 16-07-2025 12:13:26 --> CSRF cookie sent.
INFO - 16-07-2025 12:13:36 --> CSRF cookie sent.
INFO - 16-07-2025 12:13:36 --> Session: Class initialized using 'CodeIgniter\Session\Handlers\FileHandler' driver.
INFO - 16-07-2025 12:13:36 --> CSRF cookie sent.
INFO - 16-07-2025 12:13:38 --> CSRF cookie sent.
INFO - 16-07-2025 12:13:38 --> Session: Class initialized using 'CodeIgniter\Session\Handlers\FileHandler' driver.
INFO - 16-07-2025 12:13:39 --> CSRF cookie sent.
INFO - 16-07-2025 12:19:05 --> CSRF cookie sent.
INFO - 16-07-2025 12:19:05 --> Session: Class initialized using 'CodeIgniter\Session\Handlers\FileHandler' driver.
INFO - 16-07-2025 12:19:06 --> CSRF cookie sent.
INFO - 16-07-2025 12:19:07 --> CSRF cookie sent.
INFO - 16-07-2025 12:19:07 --> Session: Class initialized using 'CodeIgniter\Session\Handlers\FileHandler' driver.
INFO - 16-07-2025 12:19:07 --> CSRF cookie sent.
INFO - 16-07-2025 12:21:13 --> CSRF cookie sent.
INFO - 16-07-2025 12:21:13 --> Session: Class initialized using 'CodeIgniter\Session\Handlers\FileHandler' driver.
INFO - 16-07-2025 12:21:13 --> CSRF cookie sent.
INFO - 16-07-2025 12:23:58 --> CSRF cookie sent.
INFO - 16-07-2025 12:23:58 --> Session: Class initialized using 'CodeIgniter\Session\Handlers\FileHandler' driver.
INFO - 16-07-2025 12:23:59 --> CSRF cookie sent.
INFO - 16-07-2025 12:24:01 --> CSRF cookie sent.
INFO - 16-07-2025 12:24:01 --> Session: Class initialized using 'CodeIgniter\Session\Handlers\FileHandler' driver.
INFO - 16-07-2025 12:24:01 --> CSRF cookie sent.
INFO - 16-07-2025 12:24:05 --> CSRF cookie sent.
INFO - 16-07-2025 12:24:10 --> CSRF cookie sent.
INFO - 16-07-2025 12:24:10 --> Session: Class initialized using 'CodeIgniter\Session\Handlers\FileHandler' driver.
INFO - 16-07-2025 12:24:21 --> CSRF cookie sent.
INFO - 16-07-2025 12:24:21 --> CSRF token verified.
INFO - 16-07-2025 12:24:21 --> Session: Class initialized using 'CodeIgniter\Session\Handlers\FileHandler' driver.
INFO - 16-07-2025 12:25:20 --> CSRF cookie sent.
INFO - 16-07-2025 12:25:20 --> Session: Class initialized using 'CodeIgniter\Session\Handlers\FileHandler' driver.
INFO - 16-07-2025 12:25:20 --> CSRF cookie sent.
INFO - 16-07-2025 12:26:00 --> CSRF cookie sent.
INFO - 16-07-2025 12:26:00 --> Session: Class initialized using 'CodeIgniter\Session\Handlers\FileHandler' driver.
INFO - 16-07-2025 12:26:00 --> CSRF cookie sent.
INFO - 16-07-2025 12:26:07 --> CSRF cookie sent.
INFO - 16-07-2025 12:26:07 --> Session: Class initialized using 'CodeIgniter\Session\Handlers\FileHandler' driver.
INFO - 16-07-2025 12:26:08 --> CSRF cookie sent.
INFO - 16-07-2025 12:26:10 --> CSRF cookie sent.
INFO - 16-07-2025 12:26:10 --> Session: Class initialized using 'CodeIgniter\Session\Handlers\FileHandler' driver.
INFO - 16-07-2025 12:26:10 --> CSRF cookie sent.
INFO - 16-07-2025 12:26:24 --> CSRF cookie sent.
INFO - 16-07-2025 12:26:24 --> Session: Class initialized using 'CodeIgniter\Session\Handlers\FileHandler' driver.
INFO - 16-07-2025 12:26:24 --> CSRF cookie sent.
INFO - 16-07-2025 12:26:29 --> CSRF cookie sent.
INFO - 16-07-2025 12:26:29 --> Session: Class initialized using 'CodeIgniter\Session\Handlers\FileHandler' driver.
INFO - 16-07-2025 12:26:29 --> CSRF cookie sent.
INFO - 16-07-2025 12:27:16 --> CSRF cookie sent.
INFO - 16-07-2025 12:27:16 --> Session: Class initialized using 'CodeIgniter\Session\Handlers\FileHandler' driver.
INFO - 16-07-2025 12:27:16 --> CSRF cookie sent.
INFO - 16-07-2025 12:27:25 --> CSRF cookie sent.
INFO - 16-07-2025 12:27:25 --> Session: Class initialized using 'CodeIgniter\Session\Handlers\FileHandler' driver.
INFO - 16-07-2025 12:27:26 --> CSRF cookie sent.
INFO - 16-07-2025 12:27:29 --> CSRF cookie sent.
INFO - 16-07-2025 12:27:29 --> Session: Class initialized using 'CodeIgniter\Session\Handlers\FileHandler' driver.
INFO - 16-07-2025 12:27:29 --> CSRF cookie sent.
INFO - 16-07-2025 12:28:29 --> CSRF cookie sent.
INFO - 16-07-2025 12:28:29 --> Session: Class initialized using 'CodeIgniter\Session\Handlers\FileHandler' driver.
INFO - 16-07-2025 12:28:30 --> CSRF cookie sent.
INFO - 16-07-2025 12:30:09 --> CSRF cookie sent.
INFO - 16-07-2025 12:30:09 --> Session: Class initialized using 'CodeIgniter\Session\Handlers\FileHandler' driver.
INFO - 16-07-2025 12:30:10 --> CSRF cookie sent.
INFO - 16-07-2025 12:30:14 --> CSRF cookie sent.
INFO - 16-07-2025 12:30:14 --> Session: Class initialized using 'CodeIgniter\Session\Handlers\FileHandler' driver.
INFO - 16-07-2025 12:30:14 --> CSRF cookie sent.
INFO - 16-07-2025 12:30:15 --> CSRF cookie sent.
INFO - 16-07-2025 12:30:15 --> Session: Class initialized using 'CodeIgniter\Session\Handlers\FileHandler' driver.
INFO - 16-07-2025 12:30:16 --> CSRF cookie sent.
INFO - 16-07-2025 12:30:37 --> CSRF cookie sent.
INFO - 16-07-2025 12:30:37 --> Session: Class initialized using 'CodeIgniter\Session\Handlers\FileHandler' driver.
INFO - 16-07-2025 12:30:38 --> CSRF cookie sent.
INFO - 16-07-2025 12:32:31 --> CSRF cookie sent.
INFO - 16-07-2025 12:32:31 --> Session: Class initialized using 'CodeIgniter\Session\Handlers\FileHandler' driver.
INFO - 16-07-2025 12:32:32 --> CSRF cookie sent.
INFO - 16-07-2025 12:32:38 --> CSRF cookie sent.
INFO - 16-07-2025 12:32:38 --> Session: Class initialized using 'CodeIgniter\Session\Handlers\FileHandler' driver.
INFO - 16-07-2025 12:32:38 --> CSRF cookie sent.
INFO - 16-07-2025 12:33:30 --> CSRF cookie sent.
INFO - 16-07-2025 12:33:30 --> Session: Class initialized using 'CodeIgniter\Session\Handlers\FileHandler' driver.
INFO - 16-07-2025 12:33:30 --> CSRF cookie sent.
INFO - 16-07-2025 12:34:28 --> CSRF cookie sent.
INFO - 16-07-2025 12:34:28 --> Session: Class initialized using 'CodeIgniter\Session\Handlers\FileHandler' driver.
INFO - 16-07-2025 12:34:28 --> CSRF cookie sent.
INFO - 16-07-2025 12:35:49 --> CSRF cookie sent.
INFO - 16-07-2025 12:35:49 --> Session: Class initialized using 'CodeIgniter\Session\Handlers\FileHandler' driver.
INFO - 16-07-2025 12:35:50 --> CSRF cookie sent.
INFO - 16-07-2025 12:36:17 --> CSRF cookie sent.
INFO - 16-07-2025 12:36:17 --> Session: Class initialized using 'CodeIgniter\Session\Handlers\FileHandler' driver.
INFO - 16-07-2025 12:36:17 --> CSRF cookie sent.
INFO - 16-07-2025 12:36:25 --> CSRF cookie sent.
INFO - 16-07-2025 12:36:25 --> Session: Class initialized using 'CodeIgniter\Session\Handlers\FileHandler' driver.
INFO - 16-07-2025 12:36:25 --> CSRF cookie sent.
INFO - 16-07-2025 12:36:35 --> CSRF cookie sent.
INFO - 16-07-2025 12:36:35 --> Session: Class initialized using 'CodeIgniter\Session\Handlers\FileHandler' driver.
INFO - 16-07-2025 12:36:36 --> CSRF cookie sent.
INFO - 16-07-2025 12:36:54 --> CSRF cookie sent.
INFO - 16-07-2025 12:36:54 --> Session: Class initialized using 'CodeIgniter\Session\Handlers\FileHandler' driver.
INFO - 16-07-2025 12:36:55 --> CSRF cookie sent.
INFO - 16-07-2025 12:37:20 --> CSRF cookie sent.
INFO - 16-07-2025 12:37:20 --> Session: Class initialized using 'CodeIgniter\Session\Handlers\FileHandler' driver.
INFO - 16-07-2025 12:37:21 --> CSRF cookie sent.
INFO - 16-07-2025 12:37:54 --> CSRF cookie sent.
INFO - 16-07-2025 12:37:54 --> Session: Class initialized using 'CodeIgniter\Session\Handlers\FileHandler' driver.
INFO - 16-07-2025 12:37:54 --> CSRF cookie sent.
INFO - 16-07-2025 12:39:30 --> CSRF cookie sent.
INFO - 16-07-2025 12:39:30 --> Session: Class initialized using 'CodeIgniter\Session\Handlers\FileHandler' driver.
INFO - 16-07-2025 12:39:31 --> CSRF cookie sent.
INFO - 16-07-2025 12:40:01 --> CSRF cookie sent.
INFO - 16-07-2025 12:40:02 --> Session: Class initialized using 'CodeIgniter\Session\Handlers\FileHandler' driver.
INFO - 16-07-2025 12:40:02 --> CSRF cookie sent.
INFO - 16-07-2025 12:40:04 --> CSRF cookie sent.
INFO - 16-07-2025 12:40:04 --> Session: Class initialized using 'CodeIgniter\Session\Handlers\FileHandler' driver.
INFO - 16-07-2025 12:40:04 --> CSRF cookie sent.
INFO - 16-07-2025 12:40:06 --> CSRF cookie sent.
INFO - 16-07-2025 12:40:06 --> Session: Class initialized using 'CodeIgniter\Session\Handlers\FileHandler' driver.
INFO - 16-07-2025 12:40:06 --> CSRF cookie sent.
INFO - 16-07-2025 12:40:40 --> CSRF cookie sent.
INFO - 16-07-2025 12:40:40 --> Session: Class initialized using 'CodeIgniter\Session\Handlers\FileHandler' driver.
INFO - 16-07-2025 12:40:40 --> CSRF cookie sent.
INFO - 16-07-2025 12:43:31 --> CSRF cookie sent.
INFO - 16-07-2025 12:43:31 --> Session: Class initialized using 'CodeIgniter\Session\Handlers\FileHandler' driver.
INFO - 16-07-2025 12:43:31 --> CSRF cookie sent.
INFO - 16-07-2025 12:43:39 --> Used the default controller.
INFO - 16-07-2025 12:43:39 --> CSRF cookie sent.
INFO - 16-07-2025 12:43:39 --> CSRF token verified.
INFO - 16-07-2025 12:43:39 --> Session: Class initialized using 'CodeIgniter\Session\Handlers\FileHandler' driver.
INFO - 16-07-2025 12:43:39 --> CSRF cookie sent.
INFO - 16-07-2025 12:43:39 --> Session: Class initialized using 'CodeIgniter\Session\Handlers\FileHandler' driver.
INFO - 16-07-2025 12:43:40 --> CSRF cookie sent.
INFO - 16-07-2025 12:43:45 --> CSRF cookie sent.
INFO - 16-07-2025 12:43:46 --> Session: Class initialized using 'CodeIgniter\Session\Handlers\FileHandler' driver.
INFO - 16-07-2025 12:43:46 --> CSRF cookie sent.
INFO - 16-07-2025 12:43:49 --> Used the default controller.
INFO - 16-07-2025 12:43:49 --> CSRF cookie sent.
INFO - 16-07-2025 12:43:49 --> CSRF token verified.
INFO - 16-07-2025 12:43:49 --> Session: Class initialized using 'CodeIgniter\Session\Handlers\FileHandler' driver.
INFO - 16-07-2025 12:43:49 --> CSRF cookie sent.
INFO - 16-07-2025 12:43:50 --> Session: Class initialized using 'CodeIgniter\Session\Handlers\FileHandler' driver.
INFO - 16-07-2025 12:43:50 --> CSRF cookie sent.
INFO - 16-07-2025 12:43:53 --> CSRF cookie sent.
INFO - 16-07-2025 12:43:53 --> Session: Class initialized using 'CodeIgniter\Session\Handlers\FileHandler' driver.
INFO - 16-07-2025 12:43:53 --> CSRF cookie sent.
INFO - 16-07-2025 12:44:04 --> CSRF cookie sent.
INFO - 16-07-2025 12:44:04 --> Session: Class initialized using 'CodeIgniter\Session\Handlers\FileHandler' driver.
INFO - 16-07-2025 12:44:04 --> CSRF cookie sent.
INFO - 16-07-2025 12:44:06 --> CSRF cookie sent.
INFO - 16-07-2025 12:44:06 --> CSRF token verified.
INFO - 16-07-2025 12:44:06 --> Session: Class initialized using 'CodeIgniter\Session\Handlers\FileHandler' driver.
INFO - 16-07-2025 12:44:14 --> CSRF cookie sent.
INFO - 16-07-2025 12:44:14 --> Session: Class initialized using 'CodeIgniter\Session\Handlers\FileHandler' driver.
INFO - 16-07-2025 12:44:14 --> CSRF cookie sent.
INFO - 16-07-2025 12:44:55 --> CSRF cookie sent.
INFO - 16-07-2025 12:44:55 --> Session: Class initialized using 'CodeIgniter\Session\Handlers\FileHandler' driver.
INFO - 16-07-2025 12:44:55 --> CSRF cookie sent.
INFO - 16-07-2025 12:44:59 --> CSRF cookie sent.
INFO - 16-07-2025 12:44:59 --> CSRF token verified.
INFO - 16-07-2025 12:44:59 --> Session: Class initialized using 'CodeIgniter\Session\Handlers\FileHandler' driver.
INFO - 16-07-2025 12:47:44 --> CSRF cookie sent.
INFO - 16-07-2025 12:47:44 --> Session: Class initialized using 'CodeIgniter\Session\Handlers\FileHandler' driver.
INFO - 16-07-2025 12:47:45 --> CSRF cookie sent.
INFO - 16-07-2025 12:54:41 --> CSRF cookie sent.
INFO - 16-07-2025 12:55:54 --> CSRF cookie sent.
INFO - 16-07-2025 12:55:54 --> Session: Class initialized using 'CodeIgniter\Session\Handlers\FileHandler' driver.
INFO - 16-07-2025 12:55:54 --> CSRF cookie sent.
INFO - 16-07-2025 12:55:59 --> CSRF cookie sent.
INFO - 16-07-2025 12:55:59 --> Session: Class initialized using 'CodeIgniter\Session\Handlers\FileHandler' driver.
INFO - 16-07-2025 12:55:59 --> CSRF cookie sent.
INFO - 16-07-2025 12:57:48 --> CSRF cookie sent.
INFO - 16-07-2025 12:57:48 --> Session: Class initialized using 'CodeIgniter\Session\Handlers\FileHandler' driver.
INFO - 16-07-2025 12:57:48 --> CSRF cookie sent.
INFO - 16-07-2025 13:48:45 --> CSRF cookie sent.
INFO - 16-07-2025 13:48:45 --> Session: Class initialized using 'CodeIgniter\Session\Handlers\FileHandler' driver.
INFO - 16-07-2025 13:48:46 --> CSRF cookie sent.
INFO - 16-07-2025 14:02:31 --> CSRF cookie sent.
INFO - 16-07-2025 14:02:31 --> Session: Class initialized using 'CodeIgniter\Session\Handlers\FileHandler' driver.
INFO - 16-07-2025 14:02:31 --> CSRF cookie sent.
INFO - 16-07-2025 14:02:54 --> CSRF cookie sent.
INFO - 16-07-2025 14:22:59 --> CSRF cookie sent.
INFO - 16-07-2025 14:22:59 --> Session: Class initialized using 'CodeIgniter\Session\Handlers\FileHandler' driver.
ERROR - 16-07-2025 14:22:59 --> You have an error in your SQL syntax; check the manual that corresponds to your MySQL server version for the right syntax to use near '`END` ASC, `nome` ASC' at line 9
INFO - 16-07-2025 14:23:40 --> CSRF cookie sent.
INFO - 16-07-2025 14:23:40 --> Session: Class initialized using 'CodeIgniter\Session\Handlers\FileHandler' driver.
INFO - 16-07-2025 14:23:40 --> CSRF cookie sent.
INFO - 16-07-2025 14:39:16 --> CSRF cookie sent.
INFO - 16-07-2025 14:39:16 --> Session: Class initialized using 'CodeIgniter\Session\Handlers\FileHandler' driver.
INFO - 16-07-2025 14:39:16 --> CSRF cookie sent.
INFO - 16-07-2025 14:40:28 --> CSRF cookie sent.
INFO - 16-07-2025 14:40:28 --> Session: Class initialized using 'CodeIgniter\Session\Handlers\FileHandler' driver.
INFO - 16-07-2025 14:40:28 --> CSRF cookie sent.
INFO - 16-07-2025 14:46:44 --> CSRF cookie sent.
INFO - 16-07-2025 14:46:44 --> Session: Class initialized using 'CodeIgniter\Session\Handlers\FileHandler' driver.
INFO - 16-07-2025 14:46:44 --> CSRF cookie sent.
INFO - 16-07-2025 14:46:49 --> CSRF cookie sent.
INFO - 16-07-2025 14:47:43 --> CSRF cookie sent.
INFO - 16-07-2025 14:47:43 --> Session: Class initialized using 'CodeIgniter\Session\Handlers\FileHandler' driver.
INFO - 16-07-2025 14:47:43 --> CSRF cookie sent.
INFO - 16-07-2025 14:48:03 --> CSRF cookie sent.
INFO - 16-07-2025 14:48:03 --> Session: Class initialized using 'CodeIgniter\Session\Handlers\FileHandler' driver.
INFO - 16-07-2025 14:48:03 --> CSRF cookie sent.
INFO - 16-07-2025 14:48:06 --> CSRF cookie sent.
INFO - 16-07-2025 14:48:06 --> Session: Class initialized using 'CodeIgniter\Session\Handlers\FileHandler' driver.
INFO - 16-07-2025 14:48:06 --> CSRF cookie sent.
INFO - 16-07-2025 14:48:38 --> CSRF cookie sent.
INFO - 16-07-2025 14:48:38 --> Session: Class initialized using 'CodeIgniter\Session\Handlers\FileHandler' driver.
INFO - 16-07-2025 14:48:39 --> CSRF cookie sent.
INFO - 16-07-2025 14:49:11 --> CSRF cookie sent.
INFO - 16-07-2025 14:49:31 --> CSRF cookie sent.
INFO - 16-07-2025 14:49:31 --> Session: Class initialized using 'CodeIgniter\Session\Handlers\FileHandler' driver.
INFO - 16-07-2025 14:49:31 --> CSRF cookie sent.
INFO - 16-07-2025 14:49:58 --> CSRF cookie sent.
INFO - 16-07-2025 14:49:58 --> Session: Class initialized using 'CodeIgniter\Session\Handlers\FileHandler' driver.
INFO - 16-07-2025 14:49:59 --> CSRF cookie sent.
INFO - 16-07-2025 14:51:00 --> CSRF cookie sent.
INFO - 16-07-2025 14:51:00 --> Session: Class initialized using 'CodeIgniter\Session\Handlers\FileHandler' driver.
INFO - 16-07-2025 14:51:01 --> CSRF cookie sent.
INFO - 16-07-2025 14:53:05 --> CSRF cookie sent.
INFO - 16-07-2025 14:53:05 --> Session: Class initialized using 'CodeIgniter\Session\Handlers\FileHandler' driver.
INFO - 16-07-2025 14:53:05 --> CSRF cookie sent.
INFO - 16-07-2025 14:53:27 --> CSRF cookie sent.
INFO - 16-07-2025 14:53:27 --> Session: Class initialized using 'CodeIgniter\Session\Handlers\FileHandler' driver.
INFO - 16-07-2025 14:53:27 --> CSRF cookie sent.
INFO - 16-07-2025 14:54:42 --> CSRF cookie sent.
INFO - 16-07-2025 14:54:42 --> Session: Class initialized using 'CodeIgniter\Session\Handlers\FileHandler' driver.
INFO - 16-07-2025 14:54:42 --> CSRF cookie sent.
INFO - 16-07-2025 14:54:49 --> CSRF cookie sent.
INFO - 16-07-2025 14:55:52 --> CSRF cookie sent.
INFO - 16-07-2025 14:55:52 --> Session: Class initialized using 'CodeIgniter\Session\Handlers\FileHandler' driver.
INFO - 16-07-2025 14:55:53 --> CSRF cookie sent.
INFO - 16-07-2025 14:57:14 --> CSRF cookie sent.
INFO - 16-07-2025 14:57:14 --> Session: Class initialized using 'CodeIgniter\Session\Handlers\FileHandler' driver.
INFO - 16-07-2025 14:57:14 --> CSRF cookie sent.
INFO - 16-07-2025 14:57:20 --> CSRF cookie sent.
INFO - 16-07-2025 14:57:20 --> Session: Class initialized using 'CodeIgniter\Session\Handlers\FileHandler' driver.
INFO - 16-07-2025 14:57:20 --> CSRF cookie sent.
INFO - 16-07-2025 14:57:24 --> CSRF cookie sent.
INFO - 16-07-2025 15:01:26 --> CSRF cookie sent.
INFO - 16-07-2025 15:01:26 --> Session: Class initialized using 'CodeIgniter\Session\Handlers\FileHandler' driver.
INFO - 16-07-2025 15:01:27 --> CSRF cookie sent.
INFO - 16-07-2025 15:01:39 --> CSRF cookie sent.
INFO - 16-07-2025 15:04:10 --> CSRF cookie sent.
INFO - 16-07-2025 15:04:10 --> Session: Class initialized using 'CodeIgniter\Session\Handlers\FileHandler' driver.
INFO - 16-07-2025 15:04:10 --> CSRF cookie sent.
INFO - 16-07-2025 15:04:15 --> CSRF cookie sent.
INFO - 16-07-2025 15:05:37 --> CSRF cookie sent.
INFO - 16-07-2025 15:05:37 --> Session: Class initialized using 'CodeIgniter\Session\Handlers\FileHandler' driver.
INFO - 16-07-2025 15:05:37 --> CSRF cookie sent.
INFO - 16-07-2025 15:06:08 --> CSRF cookie sent.
INFO - 16-07-2025 15:06:08 --> Session: Class initialized using 'CodeIgniter\Session\Handlers\FileHandler' driver.
INFO - 16-07-2025 15:06:09 --> CSRF cookie sent.
INFO - 16-07-2025 15:06:26 --> CSRF cookie sent.
INFO - 16-07-2025 15:09:23 --> CSRF cookie sent.
INFO - 16-07-2025 15:09:23 --> Session: Class initialized using 'CodeIgniter\Session\Handlers\FileHandler' driver.
INFO - 16-07-2025 15:09:24 --> CSRF cookie sent.
INFO - 16-07-2025 15:09:45 --> CSRF cookie sent.
INFO - 16-07-2025 15:09:45 --> Session: Class initialized using 'CodeIgniter\Session\Handlers\FileHandler' driver.
INFO - 16-07-2025 15:09:45 --> CSRF cookie sent.
INFO - 16-07-2025 15:10:44 --> CSRF cookie sent.
INFO - 16-07-2025 15:10:51 --> CSRF cookie sent.
INFO - 16-07-2025 15:10:51 --> Session: Class initialized using 'CodeIgniter\Session\Handlers\FileHandler' driver.
INFO - 16-07-2025 15:10:52 --> CSRF cookie sent.
INFO - 16-07-2025 15:11:07 --> CSRF cookie sent.
INFO - 16-07-2025 15:11:07 --> Session: Class initialized using 'CodeIgniter\Session\Handlers\FileHandler' driver.
INFO - 16-07-2025 15:11:07 --> CSRF cookie sent.
INFO - 16-07-2025 15:18:00 --> CSRF cookie sent.
INFO - 16-07-2025 15:18:00 --> Session: Class initialized using 'CodeIgniter\Session\Handlers\FileHandler' driver.
INFO - 16-07-2025 15:18:00 --> CSRF cookie sent.
INFO - 16-07-2025 15:59:14 --> CSRF cookie sent.
INFO - 16-07-2025 15:59:14 --> Session: Class initialized using 'CodeIgniter\Session\Handlers\FileHandler' driver.
INFO - 16-07-2025 15:59:15 --> CSRF cookie sent.
