INFO - 11-07-2025 16:10:59 --> CSRF cookie sent.
INFO - 11-07-2025 16:10:59 --> Session: Class initialized using 'CodeIgniter\Session\Handlers\FileHandler' driver.
INFO - 11-07-2025 16:10:59 --> CSRF cookie sent.
INFO - 11-07-2025 16:10:59 --> Session: Class initialized using 'CodeIgniter\Session\Handlers\FileHandler' driver.
INFO - 11-07-2025 16:11:01 --> CSRF cookie sent.
INFO - 11-07-2025 16:11:01 --> CSRF token verified.
INFO - 11-07-2025 16:11:01 --> Session: Class initialized using 'CodeIgniter\Session\Handlers\FileHandler' driver.
INFO - 11-07-2025 16:11:01 --> CSRF cookie sent.
INFO - 11-07-2025 16:11:01 --> Session: Class initialized using 'CodeIgniter\Session\Handlers\FileHandler' driver.
INFO - 11-07-2025 16:11:02 --> CSRF cookie sent.
INFO - 11-07-2025 16:11:04 --> CSRF cookie sent.
INFO - 11-07-2025 16:11:04 --> Session: Class initialized using 'CodeIgniter\Session\Handlers\FileHandler' driver.
INFO - 11-07-2025 16:11:05 --> CSRF cookie sent.
INFO - 11-07-2025 16:11:06 --> CSRF cookie sent.
INFO - 11-07-2025 16:11:06 --> Session: Class initialized using 'CodeIgniter\Session\Handlers\FileHandler' driver.
INFO - 11-07-2025 16:11:06 --> CSRF cookie sent.
INFO - 11-07-2025 16:11:07 --> CSRF cookie sent.
INFO - 11-07-2025 16:11:07 --> Session: Class initialized using 'CodeIgniter\Session\Handlers\FileHandler' driver.
INFO - 11-07-2025 16:11:07 --> CSRF cookie sent.
INFO - 11-07-2025 16:11:09 --> CSRF cookie sent.
INFO - 11-07-2025 16:11:09 --> Session: Class initialized using 'CodeIgniter\Session\Handlers\FileHandler' driver.
INFO - 11-07-2025 16:11:09 --> CSRF cookie sent.
INFO - 11-07-2025 16:11:10 --> CSRF cookie sent.
INFO - 11-07-2025 16:11:10 --> Session: Class initialized using 'CodeIgniter\Session\Handlers\FileHandler' driver.
INFO - 11-07-2025 16:14:15 --> CSRF cookie sent.
INFO - 11-07-2025 16:14:15 --> Session: Class initialized using 'CodeIgniter\Session\Handlers\FileHandler' driver.
INFO - 11-07-2025 16:14:15 --> CSRF cookie sent.
INFO - 11-07-2025 16:14:16 --> CSRF cookie sent.
INFO - 11-07-2025 16:14:16 --> Session: Class initialized using 'CodeIgniter\Session\Handlers\FileHandler' driver.
INFO - 11-07-2025 16:15:43 --> CSRF cookie sent.
INFO - 11-07-2025 16:15:43 --> Session: Class initialized using 'CodeIgniter\Session\Handlers\FileHandler' driver.
INFO - 11-07-2025 16:15:43 --> CSRF cookie sent.
INFO - 11-07-2025 16:15:44 --> CSRF cookie sent.
INFO - 11-07-2025 16:15:44 --> Session: Class initialized using 'CodeIgniter\Session\Handlers\FileHandler' driver.
INFO - 11-07-2025 16:17:13 --> CSRF cookie sent.
INFO - 11-07-2025 16:17:13 --> Session: Class initialized using 'CodeIgniter\Session\Handlers\FileHandler' driver.
INFO - 11-07-2025 16:17:13 --> CSRF cookie sent.
INFO - 11-07-2025 16:17:14 --> CSRF cookie sent.
INFO - 11-07-2025 16:17:14 --> Session: Class initialized using 'CodeIgniter\Session\Handlers\FileHandler' driver.
INFO - 11-07-2025 16:18:38 --> CSRF cookie sent.
INFO - 11-07-2025 16:18:38 --> Session: Class initialized using 'CodeIgniter\Session\Handlers\FileHandler' driver.
INFO - 11-07-2025 16:18:39 --> CSRF cookie sent.
INFO - 11-07-2025 16:18:39 --> CSRF cookie sent.
INFO - 11-07-2025 16:18:39 --> Session: Class initialized using 'CodeIgniter\Session\Handlers\FileHandler' driver.
INFO - 11-07-2025 16:18:44 --> CSRF cookie sent.
INFO - 11-07-2025 16:18:44 --> Session: Class initialized using 'CodeIgniter\Session\Handlers\FileHandler' driver.
INFO - 11-07-2025 16:18:45 --> CSRF cookie sent.
INFO - 11-07-2025 16:18:46 --> CSRF cookie sent.
INFO - 11-07-2025 16:18:46 --> Session: Class initialized using 'CodeIgniter\Session\Handlers\FileHandler' driver.
INFO - 11-07-2025 16:18:46 --> CSRF cookie sent.
INFO - 11-07-2025 16:18:47 --> CSRF cookie sent.
INFO - 11-07-2025 16:18:47 --> Session: Class initialized using 'CodeIgniter\Session\Handlers\FileHandler' driver.
INFO - 11-07-2025 16:18:48 --> CSRF cookie sent.
INFO - 11-07-2025 16:18:48 --> Session: Class initialized using 'CodeIgniter\Session\Handlers\FileHandler' driver.
INFO - 11-07-2025 16:18:48 --> CSRF cookie sent.
INFO - 11-07-2025 16:18:48 --> CSRF cookie sent.
INFO - 11-07-2025 16:18:48 --> Session: Class initialized using 'CodeIgniter\Session\Handlers\FileHandler' driver.
INFO - 11-07-2025 16:18:50 --> CSRF cookie sent.
INFO - 11-07-2025 16:18:50 --> Session: Class initialized using 'CodeIgniter\Session\Handlers\FileHandler' driver.
INFO - 11-07-2025 16:18:50 --> CSRF cookie sent.
INFO - 11-07-2025 16:18:51 --> CSRF cookie sent.
INFO - 11-07-2025 16:18:51 --> Session: Class initialized using 'CodeIgniter\Session\Handlers\FileHandler' driver.
INFO - 11-07-2025 16:19:43 --> CSRF cookie sent.
INFO - 11-07-2025 16:19:43 --> Session: Class initialized using 'CodeIgniter\Session\Handlers\FileHandler' driver.
INFO - 11-07-2025 16:19:44 --> CSRF cookie sent.
INFO - 11-07-2025 16:19:44 --> CSRF cookie sent.
INFO - 11-07-2025 16:19:44 --> Session: Class initialized using 'CodeIgniter\Session\Handlers\FileHandler' driver.
INFO - 11-07-2025 16:19:46 --> CSRF cookie sent.
INFO - 11-07-2025 16:19:46 --> Session: Class initialized using 'CodeIgniter\Session\Handlers\FileHandler' driver.
INFO - 11-07-2025 16:19:46 --> CSRF cookie sent.
INFO - 11-07-2025 16:19:47 --> CSRF cookie sent.
INFO - 11-07-2025 16:19:47 --> Session: Class initialized using 'CodeIgniter\Session\Handlers\FileHandler' driver.
INFO - 11-07-2025 16:21:41 --> CSRF cookie sent.
INFO - 11-07-2025 16:21:42 --> Session: Class initialized using 'CodeIgniter\Session\Handlers\FileHandler' driver.
INFO - 11-07-2025 16:21:42 --> CSRF cookie sent.
INFO - 11-07-2025 16:21:43 --> CSRF cookie sent.
INFO - 11-07-2025 16:21:43 --> Session: Class initialized using 'CodeIgniter\Session\Handlers\FileHandler' driver.
INFO - 11-07-2025 16:21:43 --> CSRF cookie sent.
INFO - 11-07-2025 16:21:43 --> Session: Class initialized using 'CodeIgniter\Session\Handlers\FileHandler' driver.
INFO - 11-07-2025 16:21:44 --> CSRF cookie sent.
INFO - 11-07-2025 16:21:44 --> CSRF cookie sent.
INFO - 11-07-2025 16:21:44 --> Session: Class initialized using 'CodeIgniter\Session\Handlers\FileHandler' driver.
INFO - 11-07-2025 16:21:48 --> CSRF cookie sent.
INFO - 11-07-2025 16:21:48 --> Session: Class initialized using 'CodeIgniter\Session\Handlers\FileHandler' driver.
INFO - 11-07-2025 16:21:48 --> CSRF cookie sent.
INFO - 11-07-2025 16:21:49 --> CSRF cookie sent.
INFO - 11-07-2025 16:21:49 --> Session: Class initialized using 'CodeIgniter\Session\Handlers\FileHandler' driver.
INFO - 11-07-2025 16:21:50 --> CSRF cookie sent.
INFO - 11-07-2025 16:21:50 --> Session: Class initialized using 'CodeIgniter\Session\Handlers\FileHandler' driver.
INFO - 11-07-2025 16:21:50 --> CSRF cookie sent.
INFO - 11-07-2025 16:21:51 --> CSRF cookie sent.
INFO - 11-07-2025 16:21:51 --> Session: Class initialized using 'CodeIgniter\Session\Handlers\FileHandler' driver.
INFO - 11-07-2025 16:22:01 --> CSRF cookie sent.
INFO - 11-07-2025 16:22:01 --> Session: Class initialized using 'CodeIgniter\Session\Handlers\FileHandler' driver.
INFO - 11-07-2025 16:22:01 --> CSRF cookie sent.
INFO - 11-07-2025 16:22:01 --> CSRF cookie sent.
INFO - 11-07-2025 16:22:01 --> Session: Class initialized using 'CodeIgniter\Session\Handlers\FileHandler' driver.
INFO - 11-07-2025 16:22:03 --> CSRF cookie sent.
INFO - 11-07-2025 16:22:03 --> Session: Class initialized using 'CodeIgniter\Session\Handlers\FileHandler' driver.
INFO - 11-07-2025 16:22:03 --> CSRF cookie sent.
INFO - 11-07-2025 16:22:04 --> CSRF cookie sent.
INFO - 11-07-2025 16:22:04 --> Session: Class initialized using 'CodeIgniter\Session\Handlers\FileHandler' driver.
INFO - 11-07-2025 16:22:21 --> CSRF cookie sent.
INFO - 11-07-2025 16:22:21 --> Session: Class initialized using 'CodeIgniter\Session\Handlers\FileHandler' driver.
INFO - 11-07-2025 16:22:21 --> CSRF cookie sent.
INFO - 11-07-2025 16:22:21 --> CSRF cookie sent.
INFO - 11-07-2025 16:22:21 --> Session: Class initialized using 'CodeIgniter\Session\Handlers\FileHandler' driver.
INFO - 11-07-2025 16:22:25 --> CSRF cookie sent.
INFO - 11-07-2025 16:22:25 --> Session: Class initialized using 'CodeIgniter\Session\Handlers\FileHandler' driver.
INFO - 11-07-2025 16:22:25 --> CSRF cookie sent.
INFO - 11-07-2025 16:22:26 --> CSRF cookie sent.
INFO - 11-07-2025 16:22:26 --> Session: Class initialized using 'CodeIgniter\Session\Handlers\FileHandler' driver.
INFO - 11-07-2025 16:22:26 --> CSRF cookie sent.
INFO - 11-07-2025 16:22:27 --> CSRF cookie sent.
INFO - 11-07-2025 16:22:27 --> Session: Class initialized using 'CodeIgniter\Session\Handlers\FileHandler' driver.
INFO - 11-07-2025 16:22:27 --> CSRF cookie sent.
INFO - 11-07-2025 16:22:29 --> CSRF cookie sent.
INFO - 11-07-2025 16:22:29 --> Session: Class initialized using 'CodeIgniter\Session\Handlers\FileHandler' driver.
INFO - 11-07-2025 16:22:30 --> CSRF cookie sent.
INFO - 11-07-2025 16:22:32 --> CSRF cookie sent.
INFO - 11-07-2025 16:22:32 --> Session: Class initialized using 'CodeIgniter\Session\Handlers\FileHandler' driver.
INFO - 11-07-2025 16:22:33 --> CSRF cookie sent.
INFO - 11-07-2025 16:22:33 --> CSRF cookie sent.
INFO - 11-07-2025 16:22:33 --> Session: Class initialized using 'CodeIgniter\Session\Handlers\FileHandler' driver.
INFO - 11-07-2025 16:22:36 --> CSRF cookie sent.
INFO - 11-07-2025 16:22:36 --> Session: Class initialized using 'CodeIgniter\Session\Handlers\FileHandler' driver.
INFO - 11-07-2025 16:22:36 --> CSRF cookie sent.
INFO - 11-07-2025 16:22:36 --> CSRF cookie sent.
INFO - 11-07-2025 16:22:37 --> Session: Class initialized using 'CodeIgniter\Session\Handlers\FileHandler' driver.
INFO - 11-07-2025 16:22:48 --> CSRF cookie sent.
INFO - 11-07-2025 16:22:48 --> Session: Class initialized using 'CodeIgniter\Session\Handlers\FileHandler' driver.
INFO - 11-07-2025 16:22:48 --> CSRF cookie sent.
INFO - 11-07-2025 16:22:48 --> CSRF cookie sent.
INFO - 11-07-2025 16:22:48 --> Session: Class initialized using 'CodeIgniter\Session\Handlers\FileHandler' driver.
INFO - 11-07-2025 16:23:48 --> CSRF cookie sent.
INFO - 11-07-2025 16:23:48 --> Session: Class initialized using 'CodeIgniter\Session\Handlers\FileHandler' driver.
INFO - 11-07-2025 16:23:48 --> CSRF cookie sent.
INFO - 11-07-2025 16:23:49 --> CSRF cookie sent.
INFO - 11-07-2025 16:23:49 --> Session: Class initialized using 'CodeIgniter\Session\Handlers\FileHandler' driver.
INFO - 11-07-2025 16:25:18 --> CSRF cookie sent.
INFO - 11-07-2025 16:25:18 --> Session: Class initialized using 'CodeIgniter\Session\Handlers\FileHandler' driver.
INFO - 11-07-2025 16:25:19 --> CSRF cookie sent.
INFO - 11-07-2025 16:25:20 --> CSRF cookie sent.
INFO - 11-07-2025 16:25:20 --> Session: Class initialized using 'CodeIgniter\Session\Handlers\FileHandler' driver.
INFO - 11-07-2025 16:25:24 --> CSRF cookie sent.
INFO - 11-07-2025 16:25:24 --> Session: Class initialized using 'CodeIgniter\Session\Handlers\FileHandler' driver.
INFO - 11-07-2025 16:25:24 --> CSRF cookie sent.
INFO - 11-07-2025 16:25:25 --> CSRF cookie sent.
INFO - 11-07-2025 16:25:25 --> Session: Class initialized using 'CodeIgniter\Session\Handlers\FileHandler' driver.
INFO - 11-07-2025 16:25:51 --> CSRF cookie sent.
INFO - 11-07-2025 16:25:51 --> Session: Class initialized using 'CodeIgniter\Session\Handlers\FileHandler' driver.
INFO - 11-07-2025 16:25:51 --> CSRF cookie sent.
INFO - 11-07-2025 16:25:52 --> CSRF cookie sent.
INFO - 11-07-2025 16:25:52 --> Session: Class initialized using 'CodeIgniter\Session\Handlers\FileHandler' driver.
INFO - 11-07-2025 16:25:55 --> CSRF cookie sent.
INFO - 11-07-2025 16:25:55 --> Session: Class initialized using 'CodeIgniter\Session\Handlers\FileHandler' driver.
INFO - 11-07-2025 16:25:55 --> CSRF cookie sent.
INFO - 11-07-2025 16:25:56 --> CSRF cookie sent.
INFO - 11-07-2025 16:25:56 --> Session: Class initialized using 'CodeIgniter\Session\Handlers\FileHandler' driver.
INFO - 11-07-2025 16:48:39 --> CSRF cookie sent.
INFO - 11-07-2025 16:48:39 --> Session: Class initialized using 'CodeIgniter\Session\Handlers\FileHandler' driver.
INFO - 11-07-2025 16:48:39 --> CSRF cookie sent.
INFO - 11-07-2025 16:48:42 --> CSRF cookie sent.
INFO - 11-07-2025 16:48:42 --> Session: Class initialized using 'CodeIgniter\Session\Handlers\FileHandler' driver.
INFO - 11-07-2025 16:48:43 --> CSRF cookie sent.
INFO - 11-07-2025 16:48:48 --> CSRF cookie sent.
INFO - 11-07-2025 16:48:48 --> Session: Class initialized using 'CodeIgniter\Session\Handlers\FileHandler' driver.
INFO - 11-07-2025 16:48:49 --> CSRF cookie sent.
INFO - 11-07-2025 16:48:50 --> CSRF cookie sent.
INFO - 11-07-2025 16:48:50 --> Session: Class initialized using 'CodeIgniter\Session\Handlers\FileHandler' driver.
INFO - 11-07-2025 16:48:53 --> CSRF cookie sent.
INFO - 11-07-2025 16:48:53 --> Session: Class initialized using 'CodeIgniter\Session\Handlers\FileHandler' driver.
INFO - 11-07-2025 16:48:53 --> CSRF cookie sent.
INFO - 11-07-2025 16:48:54 --> CSRF cookie sent.
INFO - 11-07-2025 16:48:54 --> Session: Class initialized using 'CodeIgniter\Session\Handlers\FileHandler' driver.
INFO - 11-07-2025 17:10:43 --> CSRF cookie sent.
INFO - 11-07-2025 17:10:43 --> Session: Class initialized using 'CodeIgniter\Session\Handlers\FileHandler' driver.
INFO - 11-07-2025 17:10:43 --> CSRF cookie sent.
INFO - 11-07-2025 17:10:43 --> CSRF cookie sent.
INFO - 11-07-2025 17:10:43 --> Session: Class initialized using 'CodeIgniter\Session\Handlers\FileHandler' driver.
INFO - 11-07-2025 17:10:52 --> CSRF cookie sent.
INFO - 11-07-2025 17:10:52 --> Session: Class initialized using 'CodeIgniter\Session\Handlers\FileHandler' driver.
INFO - 11-07-2025 17:10:52 --> CSRF cookie sent.
INFO - 11-07-2025 17:10:52 --> CSRF cookie sent.
INFO - 11-07-2025 17:10:52 --> Session: Class initialized using 'CodeIgniter\Session\Handlers\FileHandler' driver.
INFO - 11-07-2025 17:10:59 --> CSRF cookie sent.
INFO - 11-07-2025 17:10:59 --> Session: Class initialized using 'CodeIgniter\Session\Handlers\FileHandler' driver.
INFO - 11-07-2025 17:10:59 --> CSRF cookie sent.
INFO - 11-07-2025 17:11:00 --> CSRF cookie sent.
INFO - 11-07-2025 17:11:00 --> Session: Class initialized using 'CodeIgniter\Session\Handlers\FileHandler' driver.
INFO - 11-07-2025 17:15:30 --> CSRF cookie sent.
INFO - 11-07-2025 17:15:30 --> Session: Class initialized using 'CodeIgniter\Session\Handlers\FileHandler' driver.
INFO - 11-07-2025 17:15:31 --> CSRF cookie sent.
INFO - 11-07-2025 17:15:31 --> CSRF cookie sent.
INFO - 11-07-2025 17:15:31 --> Session: Class initialized using 'CodeIgniter\Session\Handlers\FileHandler' driver.
INFO - 11-07-2025 17:15:32 --> CSRF cookie sent.
INFO - 11-07-2025 17:15:32 --> Session: Class initialized using 'CodeIgniter\Session\Handlers\FileHandler' driver.
INFO - 11-07-2025 17:15:32 --> CSRF cookie sent.
INFO - 11-07-2025 17:15:32 --> CSRF cookie sent.
INFO - 11-07-2025 17:15:32 --> Session: Class initialized using 'CodeIgniter\Session\Handlers\FileHandler' driver.
INFO - 11-07-2025 17:15:33 --> CSRF cookie sent.
INFO - 11-07-2025 17:15:33 --> Session: Class initialized using 'CodeIgniter\Session\Handlers\FileHandler' driver.
INFO - 11-07-2025 17:15:33 --> CSRF cookie sent.
INFO - 11-07-2025 17:15:34 --> CSRF cookie sent.
INFO - 11-07-2025 17:15:34 --> Session: Class initialized using 'CodeIgniter\Session\Handlers\FileHandler' driver.
INFO - 11-07-2025 17:46:15 --> CSRF cookie sent.
INFO - 11-07-2025 17:46:15 --> Session: Class initialized using 'CodeIgniter\Session\Handlers\FileHandler' driver.
INFO - 11-07-2025 17:46:16 --> CSRF cookie sent.
INFO - 11-07-2025 17:46:19 --> CSRF cookie sent.
INFO - 11-07-2025 17:46:19 --> Session: Class initialized using 'CodeIgniter\Session\Handlers\FileHandler' driver.
INFO - 11-07-2025 17:46:20 --> CSRF cookie sent.
INFO - 11-07-2025 17:46:22 --> CSRF cookie sent.
INFO - 11-07-2025 17:46:22 --> Session: Class initialized using 'CodeIgniter\Session\Handlers\FileHandler' driver.
INFO - 11-07-2025 17:46:23 --> CSRF cookie sent.
INFO - 11-07-2025 17:46:25 --> CSRF cookie sent.
INFO - 11-07-2025 17:46:25 --> Session: Class initialized using 'CodeIgniter\Session\Handlers\FileHandler' driver.
INFO - 11-07-2025 17:46:25 --> CSRF cookie sent.
INFO - 11-07-2025 17:46:26 --> CSRF cookie sent.
INFO - 11-07-2025 17:46:27 --> Session: Class initialized using 'CodeIgniter\Session\Handlers\FileHandler' driver.
INFO - 11-07-2025 17:46:27 --> CSRF cookie sent.
INFO - 11-07-2025 17:46:54 --> CSRF cookie sent.
INFO - 11-07-2025 17:46:54 --> Session: Class initialized using 'CodeIgniter\Session\Handlers\FileHandler' driver.
INFO - 11-07-2025 17:46:54 --> CSRF cookie sent.
INFO - 11-07-2025 17:48:52 --> CSRF cookie sent.
INFO - 11-07-2025 17:48:52 --> Session: Class initialized using 'CodeIgniter\Session\Handlers\FileHandler' driver.
INFO - 11-07-2025 17:48:52 --> CSRF cookie sent.
INFO - 11-07-2025 17:49:54 --> CSRF cookie sent.
INFO - 11-07-2025 17:49:54 --> Session: Class initialized using 'CodeIgniter\Session\Handlers\FileHandler' driver.
INFO - 11-07-2025 17:49:54 --> CSRF cookie sent.
INFO - 11-07-2025 17:50:02 --> Session: Class initialized using 'CodeIgniter\Session\Handlers\FileHandler' driver.
INFO - 11-07-2025 17:50:02 --> CSRF cookie sent.
INFO - 11-07-2025 17:50:02 --> CSRF token verified.
INFO - 11-07-2025 17:50:02 --> finalizarpix called with event_id: 17
ERROR - 11-07-2025 17:50:03 --> Erro em finalizarpix: Trying to access array offset on value of type null
INFO - 11-07-2025 17:50:03 --> CSRF cookie sent.
INFO - 11-07-2025 17:50:03 --> Session: Class initialized using 'CodeIgniter\Session\Handlers\FileHandler' driver.
INFO - 11-07-2025 17:50:03 --> CSRF cookie sent.
INFO - 11-07-2025 18:14:29 --> CSRF cookie sent.
INFO - 11-07-2025 18:14:29 --> Session: Class initialized using 'CodeIgniter\Session\Handlers\FileHandler' driver.
INFO - 11-07-2025 18:14:30 --> CSRF cookie sent.
INFO - 11-07-2025 18:14:31 --> CSRF cookie sent.
INFO - 11-07-2025 18:14:31 --> Session: Class initialized using 'CodeIgniter\Session\Handlers\FileHandler' driver.
INFO - 11-07-2025 18:14:32 --> CSRF cookie sent.
INFO - 11-07-2025 18:14:34 --> CSRF cookie sent.
INFO - 11-07-2025 18:14:35 --> Session: Class initialized using 'CodeIgniter\Session\Handlers\FileHandler' driver.
INFO - 11-07-2025 18:14:35 --> CSRF cookie sent.
INFO - 11-07-2025 18:14:36 --> CSRF cookie sent.
INFO - 11-07-2025 18:14:36 --> Session: Class initialized using 'CodeIgniter\Session\Handlers\FileHandler' driver.
INFO - 11-07-2025 18:14:36 --> CSRF cookie sent.
INFO - 11-07-2025 18:14:44 --> Session: Class initialized using 'CodeIgniter\Session\Handlers\FileHandler' driver.
INFO - 11-07-2025 18:14:44 --> CSRF cookie sent.
INFO - 11-07-2025 18:14:44 --> CSRF token verified.
INFO - 11-07-2025 18:14:44 --> finalizarpix called with event_id: 17
ERROR - 11-07-2025 18:14:44 --> Erro em finalizarpix: Trying to access array offset on value of type null
INFO - 11-07-2025 18:14:44 --> CSRF cookie sent.
INFO - 11-07-2025 18:14:44 --> Session: Class initialized using 'CodeIgniter\Session\Handlers\FileHandler' driver.
INFO - 11-07-2025 18:14:45 --> CSRF cookie sent.
INFO - 11-07-2025 19:09:19 --> CSRF cookie sent.
INFO - 11-07-2025 19:09:19 --> Session: Class initialized using 'CodeIgniter\Session\Handlers\FileHandler' driver.
INFO - 11-07-2025 19:09:26 --> CSRF cookie sent.
INFO - 11-07-2025 19:11:32 --> CSRF cookie sent.
INFO - 11-07-2025 19:33:24 --> CSRF cookie sent.
