INFO - 08-08-2025 13:04:09 --> CSRF cookie sent.
INFO - 08-08-2025 13:04:09 --> Session: Class initialized using 'CodeIgniter\Session\Handlers\FileHandler' driver.
INFO - 08-08-2025 13:04:09 --> CSRF cookie sent.
INFO - 08-08-2025 13:04:09 --> Session: Class initialized using 'CodeIgniter\Session\Handlers\FileHandler' driver.
INFO - 08-08-2025 13:04:13 --> CSRF cookie sent.
INFO - 08-08-2025 13:04:13 --> CSRF token verified.
INFO - 08-08-2025 13:04:14 --> Session: Class initialized using 'CodeIgniter\Session\Handlers\FileHandler' driver.
INFO - 08-08-2025 13:04:14 --> CSRF cookie sent.
INFO - 08-08-2025 13:04:14 --> Session: Class initialized using 'CodeIgniter\Session\Handlers\FileHandler' driver.
INFO - 08-08-2025 13:04:14 --> CSRF cookie sent.
INFO - 08-08-2025 13:06:02 --> CSRF cookie sent.
INFO - 08-08-2025 13:06:02 --> Session: Class initialized using 'CodeIgniter\Session\Handlers\FileHandler' driver.
INFO - 08-08-2025 13:06:02 --> CSRF cookie sent.
INFO - 08-08-2025 13:06:06 --> CSRF cookie sent.
INFO - 08-08-2025 13:06:06 --> Session: Class initialized using 'CodeIgniter\Session\Handlers\FileHandler' driver.
INFO - 08-08-2025 13:06:07 --> CSRF cookie sent.
INFO - 08-08-2025 13:06:11 --> CSRF cookie sent.
INFO - 08-08-2025 13:06:11 --> Session: Class initialized using 'CodeIgniter\Session\Handlers\FileHandler' driver.
INFO - 08-08-2025 13:06:12 --> CSRF cookie sent.
INFO - 08-08-2025 13:06:27 --> CSRF cookie sent.
INFO - 08-08-2025 13:06:27 --> Session: Class initialized using 'CodeIgniter\Session\Handlers\FileHandler' driver.
INFO - 08-08-2025 13:07:06 --> CSRF cookie sent.
INFO - 08-08-2025 13:07:06 --> Session: Class initialized using 'CodeIgniter\Session\Handlers\FileHandler' driver.
INFO - 08-08-2025 13:07:06 --> CSRF cookie sent.
INFO - 08-08-2025 13:07:36 --> CSRF cookie sent.
INFO - 08-08-2025 13:07:36 --> CSRF token verified.
INFO - 08-08-2025 13:07:36 --> Session: Class initialized using 'CodeIgniter\Session\Handlers\FileHandler' driver.
INFO - 08-08-2025 13:07:37 --> CSRF cookie sent.
INFO - 08-08-2025 13:07:37 --> Session: Class initialized using 'CodeIgniter\Session\Handlers\FileHandler' driver.
INFO - 08-08-2025 13:07:37 --> CSRF cookie sent.
INFO - 08-08-2025 13:07:41 --> CSRF cookie sent.
INFO - 08-08-2025 13:07:41 --> Session: Class initialized using 'CodeIgniter\Session\Handlers\FileHandler' driver.
INFO - 08-08-2025 13:07:42 --> CSRF cookie sent.
INFO - 08-08-2025 13:07:45 --> CSRF cookie sent.
INFO - 08-08-2025 13:07:47 --> CSRF cookie sent.
INFO - 08-08-2025 13:07:47 --> Session: Class initialized using 'CodeIgniter\Session\Handlers\FileHandler' driver.
INFO - 08-08-2025 13:09:19 --> CSRF cookie sent.
INFO - 08-08-2025 13:09:19 --> Session: Class initialized using 'CodeIgniter\Session\Handlers\FileHandler' driver.
INFO - 08-08-2025 13:09:20 --> CSRF cookie sent.
INFO - 08-08-2025 13:09:22 --> CSRF cookie sent.
INFO - 08-08-2025 13:09:22 --> Session: Class initialized using 'CodeIgniter\Session\Handlers\FileHandler' driver.
INFO - 08-08-2025 13:09:22 --> CSRF cookie sent.
INFO - 08-08-2025 13:09:24 --> CSRF cookie sent.
INFO - 08-08-2025 13:09:24 --> Session: Class initialized using 'CodeIgniter\Session\Handlers\FileHandler' driver.
INFO - 08-08-2025 13:09:26 --> CSRF cookie sent.
INFO - 08-08-2025 13:09:26 --> Session: Class initialized using 'CodeIgniter\Session\Handlers\FileHandler' driver.
INFO - 08-08-2025 13:09:27 --> CSRF cookie sent.
INFO - 08-08-2025 13:09:30 --> CSRF cookie sent.
INFO - 08-08-2025 13:09:30 --> Session: Class initialized using 'CodeIgniter\Session\Handlers\FileHandler' driver.
INFO - 08-08-2025 13:10:17 --> CSRF cookie sent.
INFO - 08-08-2025 13:10:17 --> Session: Class initialized using 'CodeIgniter\Session\Handlers\FileHandler' driver.
INFO - 08-08-2025 13:10:17 --> CSRF cookie sent.
INFO - 08-08-2025 13:10:18 --> CSRF cookie sent.
INFO - 08-08-2025 13:10:18 --> Session: Class initialized using 'CodeIgniter\Session\Handlers\FileHandler' driver.
INFO - 08-08-2025 13:10:19 --> CSRF cookie sent.
INFO - 08-08-2025 13:10:19 --> Session: Class initialized using 'CodeIgniter\Session\Handlers\FileHandler' driver.
INFO - 08-08-2025 13:10:19 --> CSRF cookie sent.
INFO - 08-08-2025 13:10:22 --> CSRF cookie sent.
INFO - 08-08-2025 13:10:22 --> Session: Class initialized using 'CodeIgniter\Session\Handlers\FileHandler' driver.
INFO - 08-08-2025 13:10:22 --> CSRF cookie sent.
INFO - 08-08-2025 13:10:24 --> CSRF cookie sent.
INFO - 08-08-2025 13:10:24 --> Session: Class initialized using 'CodeIgniter\Session\Handlers\FileHandler' driver.
INFO - 08-08-2025 13:11:42 --> CSRF cookie sent.
INFO - 08-08-2025 13:11:42 --> Session: Class initialized using 'CodeIgniter\Session\Handlers\FileHandler' driver.
INFO - 08-08-2025 13:11:42 --> CSRF cookie sent.
INFO - 08-08-2025 13:11:43 --> CSRF cookie sent.
INFO - 08-08-2025 13:11:43 --> Session: Class initialized using 'CodeIgniter\Session\Handlers\FileHandler' driver.
INFO - 08-08-2025 13:11:55 --> CSRF cookie sent.
INFO - 08-08-2025 13:11:55 --> Session: Class initialized using 'CodeIgniter\Session\Handlers\FileHandler' driver.
INFO - 08-08-2025 13:11:56 --> CSRF cookie sent.
INFO - 08-08-2025 13:11:56 --> Session: Class initialized using 'CodeIgniter\Session\Handlers\FileHandler' driver.
INFO - 08-08-2025 13:11:57 --> CSRF cookie sent.
INFO - 08-08-2025 13:12:00 --> CSRF cookie sent.
INFO - 08-08-2025 13:12:00 --> Session: Class initialized using 'CodeIgniter\Session\Handlers\FileHandler' driver.
ERROR - 08-08-2025 13:12:00 --> Erro ao enviar email via Resend. HTTP Code: 0. Response: 
INFO - 08-08-2025 13:16:25 --> CSRF cookie sent.
INFO - 08-08-2025 13:16:25 --> Session: Class initialized using 'CodeIgniter\Session\Handlers\FileHandler' driver.
INFO - 08-08-2025 13:16:25 --> CSRF cookie sent.
INFO - 08-08-2025 13:16:26 --> CSRF cookie sent.
INFO - 08-08-2025 13:16:26 --> Session: Class initialized using 'CodeIgniter\Session\Handlers\FileHandler' driver.
INFO - 08-08-2025 13:16:28 --> CSRF cookie sent.
INFO - 08-08-2025 13:16:28 --> Session: Class initialized using 'CodeIgniter\Session\Handlers\FileHandler' driver.
INFO - 08-08-2025 13:16:29 --> CSRF cookie sent.
INFO - 08-08-2025 13:16:30 --> CSRF cookie sent.
INFO - 08-08-2025 13:16:30 --> Session: Class initialized using 'CodeIgniter\Session\Handlers\FileHandler' driver.
INFO - 08-08-2025 13:16:31 --> Resend API Response - HTTP Code: 403. Response: {"statusCode":403,"error":"The envia.dreamfest.com.br domain is not verified. Please, add and verify your domain on https://resend.com/domains","name":"validation_error"}. cURL Error: 
ERROR - 08-08-2025 13:16:31 --> Erro ao enviar email via Resend. HTTP Code: 403. Response: {"statusCode":403,"error":"The envia.dreamfest.com.br domain is not verified. Please, add and verify your domain on https://resend.com/domains","name":"validation_error"}. cURL Error: 
INFO - 08-08-2025 13:19:33 --> CSRF cookie sent.
INFO - 08-08-2025 13:19:33 --> Session: Class initialized using 'CodeIgniter\Session\Handlers\FileHandler' driver.
INFO - 08-08-2025 13:19:34 --> CSRF cookie sent.
INFO - 08-08-2025 13:19:35 --> CSRF cookie sent.
INFO - 08-08-2025 13:19:35 --> Session: Class initialized using 'CodeIgniter\Session\Handlers\FileHandler' driver.
INFO - 08-08-2025 13:19:37 --> CSRF cookie sent.
INFO - 08-08-2025 13:19:37 --> Session: Class initialized using 'CodeIgniter\Session\Handlers\FileHandler' driver.
INFO - 08-08-2025 13:19:37 --> CSRF cookie sent.
INFO - 08-08-2025 13:19:40 --> CSRF cookie sent.
INFO - 08-08-2025 13:19:40 --> Session: Class initialized using 'CodeIgniter\Session\Handlers\FileHandler' driver.
INFO - 08-08-2025 13:19:41 --> Resend API Response - HTTP Code: 200. Response: {"id":"0152bad3-e9f1-4ad3-8311-82e44c14257f"}. cURL Error: 
INFO - 08-08-2025 13:19:41 --> CSRF cookie sent.
INFO - 08-08-2025 13:19:41 --> Session: Class initialized using 'CodeIgniter\Session\Handlers\FileHandler' driver.
INFO - 08-08-2025 13:19:42 --> CSRF cookie sent.
INFO - 08-08-2025 13:23:39 --> CSRF cookie sent.
INFO - 08-08-2025 13:23:39 --> Session: Class initialized using 'CodeIgniter\Session\Handlers\FileHandler' driver.
INFO - 08-08-2025 13:26:24 --> CSRF cookie sent.
INFO - 08-08-2025 13:26:24 --> Session: Class initialized using 'CodeIgniter\Session\Handlers\FileHandler' driver.
INFO - 08-08-2025 13:26:25 --> CSRF cookie sent.
INFO - 08-08-2025 13:26:25 --> Session: Class initialized using 'CodeIgniter\Session\Handlers\FileHandler' driver.
INFO - 08-08-2025 13:26:26 --> CSRF cookie sent.
INFO - 08-08-2025 13:26:27 --> CSRF cookie sent.
INFO - 08-08-2025 13:26:27 --> Session: Class initialized using 'CodeIgniter\Session\Handlers\FileHandler' driver.
INFO - 08-08-2025 13:26:28 --> CSRF cookie sent.
INFO - 08-08-2025 13:26:28 --> Session: Class initialized using 'CodeIgniter\Session\Handlers\FileHandler' driver.
INFO - 08-08-2025 13:26:29 --> CSRF cookie sent.
INFO - 08-08-2025 13:26:30 --> CSRF cookie sent.
INFO - 08-08-2025 13:26:30 --> Session: Class initialized using 'CodeIgniter\Session\Handlers\FileHandler' driver.
INFO - 08-08-2025 13:26:31 --> CSRF cookie sent.
INFO - 08-08-2025 13:26:31 --> Session: Class initialized using 'CodeIgniter\Session\Handlers\FileHandler' driver.
INFO - 08-08-2025 13:26:32 --> CSRF cookie sent.
INFO - 08-08-2025 13:26:34 --> CSRF cookie sent.
INFO - 08-08-2025 13:26:34 --> Session: Class initialized using 'CodeIgniter\Session\Handlers\FileHandler' driver.
INFO - 08-08-2025 13:26:35 --> CSRF cookie sent.
INFO - 08-08-2025 13:26:35 --> Session: Class initialized using 'CodeIgniter\Session\Handlers\FileHandler' driver.
INFO - 08-08-2025 13:26:36 --> CSRF cookie sent.
INFO - 08-08-2025 13:32:22 --> CSRF cookie sent.
INFO - 08-08-2025 13:32:22 --> Session: Class initialized using 'CodeIgniter\Session\Handlers\FileHandler' driver.
INFO - 08-08-2025 13:32:23 --> CSRF cookie sent.
INFO - 08-08-2025 13:32:24 --> CSRF cookie sent.
INFO - 08-08-2025 13:32:24 --> Session: Class initialized using 'CodeIgniter\Session\Handlers\FileHandler' driver.
INFO - 08-08-2025 13:32:25 --> Resend API Response - HTTP Code: 200. Response: {"id":"b46641a3-86a0-4f1b-b499-3974f4808780"}. cURL Error: 
INFO - 08-08-2025 13:32:25 --> CSRF cookie sent.
INFO - 08-08-2025 13:32:25 --> Session: Class initialized using 'CodeIgniter\Session\Handlers\FileHandler' driver.
INFO - 08-08-2025 13:32:26 --> CSRF cookie sent.
INFO - 08-08-2025 13:38:11 --> CSRF cookie sent.
INFO - 08-08-2025 13:38:11 --> Session: Class initialized using 'CodeIgniter\Session\Handlers\FileHandler' driver.
INFO - 08-08-2025 13:38:12 --> Resend API Response - HTTP Code: 200. Response: {"id":"a71aa94f-25a3-4baf-8728-c3487fd45d2c"}. cURL Error: 
INFO - 08-08-2025 13:38:12 --> CSRF cookie sent.
INFO - 08-08-2025 13:38:12 --> Session: Class initialized using 'CodeIgniter\Session\Handlers\FileHandler' driver.
INFO - 08-08-2025 13:38:13 --> CSRF cookie sent.
INFO - 08-08-2025 13:38:15 --> CSRF cookie sent.
INFO - 08-08-2025 13:38:15 --> Session: Class initialized using 'CodeIgniter\Session\Handlers\FileHandler' driver.
INFO - 08-08-2025 13:38:15 --> CSRF cookie sent.
INFO - 08-08-2025 13:38:15 --> Session: Class initialized using 'CodeIgniter\Session\Handlers\FileHandler' driver.
INFO - 08-08-2025 13:38:15 --> CSRF cookie sent.
INFO - 08-08-2025 13:38:15 --> Session: Class initialized using 'CodeIgniter\Session\Handlers\FileHandler' driver.
INFO - 08-08-2025 13:43:55 --> CSRF cookie sent.
INFO - 08-08-2025 13:43:55 --> Session: Class initialized using 'CodeIgniter\Session\Handlers\FileHandler' driver.
INFO - 08-08-2025 13:43:57 --> CSRF cookie sent.
INFO - 08-08-2025 13:43:57 --> Session: Class initialized using 'CodeIgniter\Session\Handlers\FileHandler' driver.
INFO - 08-08-2025 13:44:03 --> CSRF cookie sent.
INFO - 08-08-2025 13:44:03 --> CSRF token verified.
INFO - 08-08-2025 13:44:03 --> Resend API Response - HTTP Code: 200. Response: {"id":"87961234-018f-4475-9b03-4386b11b6193"}. cURL Error: 
INFO - 08-08-2025 13:44:04 --> CSRF cookie sent.
INFO - 08-08-2025 13:44:19 --> CSRF cookie sent.
INFO - 08-08-2025 13:44:19 --> Session: Class initialized using 'CodeIgniter\Session\Handlers\FileHandler' driver.
INFO - 08-08-2025 13:44:40 --> CSRF cookie sent.
INFO - 08-08-2025 13:44:40 --> Session: Class initialized using 'CodeIgniter\Session\Handlers\FileHandler' driver.
INFO - 08-08-2025 13:44:41 --> CSRF cookie sent.
INFO - 08-08-2025 13:44:41 --> Session: Class initialized using 'CodeIgniter\Session\Handlers\FileHandler' driver.
INFO - 08-08-2025 13:44:42 --> CSRF cookie sent.
INFO - 08-08-2025 13:44:42 --> Session: Class initialized using 'CodeIgniter\Session\Handlers\FileHandler' driver.
INFO - 08-08-2025 13:44:42 --> CSRF cookie sent.
INFO - 08-08-2025 13:44:42 --> Session: Class initialized using 'CodeIgniter\Session\Handlers\FileHandler' driver.
